Library/Bee/Android/Prj/IL2CPP/Gradle/launcher/build/intermediates/manifest_merge_blame_file/release/manifest-merger-blame-release-report.txt
1<?xml version="1.0" encoding="utf-8"?>
2<manifest xmlns:android="http://schemas.android.com/apk/res/android"
3    package="com.testevr.testevr"
4    android:installLocation="preferExternal"
5    android:versionCode="1"
6    android:versionName="0.1" >
7
8    <uses-sdk
9        android:minSdkVersion="26"
9-->src/main/AndroidManifest.xml
10        android:targetSdkVersion="32" />
10-->src/main/AndroidManifest.xml
11
12    <supports-screens
12-->src/main/AndroidManifest.xml:4:3-163
13        android:anyDensity="true"
13-->src/main/AndroidManifest.xml:4:135-160
14        android:largeScreens="true"
14-->src/main/AndroidManifest.xml:4:78-105
15        android:normalScreens="true"
15-->src/main/AndroidManifest.xml:4:49-77
16        android:smallScreens="true"
16-->src/main/AndroidManifest.xml:4:21-48
17        android:xlargeScreens="true" />
17-->src/main/AndroidManifest.xml:4:106-134
18
19    <uses-permission android:name="android.permission.INTERNET" />
19-->[:unityLibrary] AndroidManifest.xml:10:5-67
19-->[:unityLibrary] AndroidManifest.xml:10:22-64
20
21    <uses-feature
21-->[:unityLibrary] AndroidManifest.xml:13:5-15:36
22        android:name="android.hardware.touchscreen"
22-->[:unityLibrary] AndroidManifest.xml:14:9-52
23        android:required="false" />
23-->[:unityLibrary] AndroidManifest.xml:15:9-33
24    <uses-feature
24-->[:unityLibrary] AndroidManifest.xml:16:5-18:36
25        android:name="android.hardware.touchscreen.multitouch"
25-->[:unityLibrary] AndroidManifest.xml:17:9-63
26        android:required="false" />
26-->[:unityLibrary] AndroidManifest.xml:18:9-33
27    <uses-feature
27-->[:unityLibrary] AndroidManifest.xml:19:5-21:36
28        android:name="android.hardware.touchscreen.multitouch.distinct"
28-->[:unityLibrary] AndroidManifest.xml:20:9-72
29        android:required="false" />
29-->[:unityLibrary] AndroidManifest.xml:21:9-33
30    <!--
31      #gles3 - glEsVersion is 0x00030000 for OpenGL ES 3.0 support. Change it to 0x00020000 if
32      only OpenGL ES 2.0 support is needed.
33    -->
34    <uses-feature
34-->[:GfxPluginCardboard:] AndroidManifest.xml:11:5-13:35
35        android:glEsVersion="0x00030000"
35-->[:GfxPluginCardboard:] AndroidManifest.xml:12:9-41
36        android:required="true" />
36-->[:GfxPluginCardboard:] AndroidManifest.xml:13:9-32
37
38    <uses-permission android:name="android.permission.CAMERA" />
38-->[:GfxPluginCardboard:] AndroidManifest.xml:15:5-65
38-->[:GfxPluginCardboard:] AndroidManifest.xml:15:22-62
39    <uses-permission android:name="android.permission.WRITE_EXTERNAL_STORAGE" />
39-->[:GfxPluginCardboard:] AndroidManifest.xml:16:5-81
39-->[:GfxPluginCardboard:] AndroidManifest.xml:16:22-78
40    <uses-permission android:name="android.permission.NFC" />
40-->[:GfxPluginCardboard:] AndroidManifest.xml:18:5-62
40-->[:GfxPluginCardboard:] AndroidManifest.xml:18:22-59
41    <uses-permission android:name="android.permission.READ_EXTERNAL_STORAGE" />
42
43    <application
43-->src/main/AndroidManifest.xml:3:3-83
44        android:appComponentFactory="androidx.core.app.CoreComponentFactory"
44-->[androidx.core:core:1.7.0] AndroidManifest.xml:24:18-86
45        android:extractNativeLibs="true"
45-->[:unityLibrary] AndroidManifest.xml:23:18-50
46        android:icon="@mipmap/app_icon"
46-->src/main/AndroidManifest.xml:3:49-80
47        android:label="@string/app_name" >
47-->src/main/AndroidManifest.xml:3:16-48
48        <meta-data
48-->[:unityLibrary] AndroidManifest.xml:24:9-26:33
49            android:name="unity.splash-mode"
49-->[:unityLibrary] AndroidManifest.xml:25:13-45
50            android:value="0" />
50-->[:unityLibrary] AndroidManifest.xml:26:13-30
51        <meta-data
51-->[:unityLibrary] AndroidManifest.xml:27:9-29:36
52            android:name="unity.splash-enable"
52-->[:unityLibrary] AndroidManifest.xml:28:13-47
53            android:value="True" />
53-->[:unityLibrary] AndroidManifest.xml:29:13-33
54        <meta-data
54-->[:unityLibrary] AndroidManifest.xml:30:9-32:36
55            android:name="unity.launch-fullscreen"
55-->[:unityLibrary] AndroidManifest.xml:31:13-51
56            android:value="True" />
56-->[:unityLibrary] AndroidManifest.xml:32:13-33
57        <meta-data
57-->[:unityLibrary] AndroidManifest.xml:33:9-35:50
58            android:name="notch.config"
58-->[:unityLibrary] AndroidManifest.xml:34:13-40
59            android:value="portrait|landscape" />
59-->[:unityLibrary] AndroidManifest.xml:35:13-47
60        <meta-data
60-->[:unityLibrary] AndroidManifest.xml:36:9-38:36
61            android:name="unity.auto-report-fully-drawn"
61-->[:unityLibrary] AndroidManifest.xml:37:13-57
62            android:value="true" />
62-->[:unityLibrary] AndroidManifest.xml:38:13-33
63
64        <activity
64-->[:unityLibrary] AndroidManifest.xml:40:9-61:20
65            android:name="com.unity3d.player.UnityPlayerActivity"
65-->[:unityLibrary] AndroidManifest.xml:41:13-66
66            android:configChanges="mcc|mnc|locale|touchscreen|keyboard|keyboardHidden|navigation|orientation|screenLayout|uiMode|screenSize|smallestScreenSize|fontScale|layoutDirection|density"
66-->[:unityLibrary] AndroidManifest.xml:42:13-194
67            android:exported="true"
67-->[:unityLibrary] AndroidManifest.xml:43:13-36
68            android:hardwareAccelerated="false"
68-->[:unityLibrary] AndroidManifest.xml:44:13-48
69            android:launchMode="singleTask"
69-->[:unityLibrary] AndroidManifest.xml:45:13-44
70            android:resizeableActivity="false"
70-->[:unityLibrary] AndroidManifest.xml:46:13-47
71            android:screenOrientation="landscape"
71-->[:unityLibrary] AndroidManifest.xml:47:13-50
72            android:theme="@style/UnityThemeSelector" >
72-->[:unityLibrary] AndroidManifest.xml:48:13-54
73            <intent-filter>
73-->[:unityLibrary] AndroidManifest.xml:49:13-53:29
74                <category android:name="android.intent.category.LAUNCHER" />
74-->[:unityLibrary] AndroidManifest.xml:50:17-77
74-->[:unityLibrary] AndroidManifest.xml:50:27-74
75
76                <action android:name="android.intent.action.MAIN" />
76-->[:unityLibrary] AndroidManifest.xml:52:17-69
76-->[:unityLibrary] AndroidManifest.xml:52:25-66
77            </intent-filter>
78
79            <meta-data
79-->[:unityLibrary] AndroidManifest.xml:55:13-57:40
80                android:name="unityplayer.UnityActivity"
80-->[:unityLibrary] AndroidManifest.xml:56:17-57
81                android:value="true" />
81-->[:unityLibrary] AndroidManifest.xml:57:17-37
82            <meta-data
82-->[:unityLibrary] AndroidManifest.xml:58:13-60:40
83                android:name="notch_support"
83-->[:unityLibrary] AndroidManifest.xml:59:17-45
84                android:value="true" />
84-->[:unityLibrary] AndroidManifest.xml:60:17-37
85        </activity>
86        <activity
86-->[:GfxPluginCardboard:] AndroidManifest.xml:21:9-25:66
87            android:name="com.google.cardboard.sdk.QrCodeCaptureActivity"
87-->[:GfxPluginCardboard:] AndroidManifest.xml:22:13-74
88            android:exported="false"
88-->[:GfxPluginCardboard:] AndroidManifest.xml:23:13-37
89            android:label="@string/title_activity_qr_code_capture"
89-->[:GfxPluginCardboard:] AndroidManifest.xml:24:13-67
90            android:theme="@style/Theme.AppCompat.NoActionBar" />
90-->[:GfxPluginCardboard:] AndroidManifest.xml:25:13-63
91        <!--
92          Activity whose sole purpose is to update Cardboard device params when a Cardboard V1
93          NFC tag is detected.
94        -->
95        <activity
95-->[:GfxPluginCardboard:] AndroidManifest.xml:31:9-44:20
96            android:name="com.google.cardboard.sdk.HeadsetDetectionActivity"
96-->[:GfxPluginCardboard:] AndroidManifest.xml:32:13-77
97            android:exported="true"
97-->[:GfxPluginCardboard:] AndroidManifest.xml:33:13-36
98            android:label="@string/headset_detection_activity_title" >
98-->[:GfxPluginCardboard:] AndroidManifest.xml:34:13-69
99
100            <!-- Handles the Cardboard V1 NFC tag released at Google I/O 2014. -->
101            <intent-filter>
101-->[:GfxPluginCardboard:] AndroidManifest.xml:37:13-43:29
102                <action android:name="android.nfc.action.NDEF_DISCOVERED" />
102-->[:GfxPluginCardboard:] AndroidManifest.xml:38:17-77
102-->[:GfxPluginCardboard:] AndroidManifest.xml:38:25-74
103
104                <category android:name="android.intent.category.DEFAULT" />
104-->[:GfxPluginCardboard:] AndroidManifest.xml:40:17-76
104-->[:GfxPluginCardboard:] AndroidManifest.xml:40:27-73
105
106                <data android:scheme="cardboard" />
106-->[:GfxPluginCardboard:] AndroidManifest.xml:42:17-52
106-->[:GfxPluginCardboard:] AndroidManifest.xml:42:23-49
107            </intent-filter>
108        </activity>
109        <activity
109-->[com.google.android.gms:play-services-base:17.4.0] AndroidManifest.xml:23:9-26:75
110            android:name="com.google.android.gms.common.api.GoogleApiActivity"
110-->[com.google.android.gms:play-services-base:17.4.0] AndroidManifest.xml:24:13-79
111            android:exported="false"
111-->[com.google.android.gms:play-services-base:17.4.0] AndroidManifest.xml:25:13-37
112            android:theme="@android:style/Theme.Translucent.NoTitleBar" />
112-->[com.google.android.gms:play-services-base:17.4.0] AndroidManifest.xml:26:13-72
113
114        <meta-data
114-->[com.google.android.gms:play-services-basement:17.4.0] AndroidManifest.xml:23:9-25:69
115            android:name="com.google.android.gms.version"
115-->[com.google.android.gms:play-services-basement:17.4.0] AndroidManifest.xml:24:13-58
116            android:value="@integer/google_play_services_version" />
116-->[com.google.android.gms:play-services-basement:17.4.0] AndroidManifest.xml:25:13-66
117
118        <provider
118-->[androidx.emoji2:emoji2:1.0.0] AndroidManifest.xml:26:9-34:20
119            android:name="androidx.startup.InitializationProvider"
119-->[androidx.emoji2:emoji2:1.0.0] AndroidManifest.xml:27:13-67
120            android:authorities="com.testevr.testevr.androidx-startup"
120-->[androidx.emoji2:emoji2:1.0.0] AndroidManifest.xml:28:13-68
121            android:exported="false" >
121-->[androidx.emoji2:emoji2:1.0.0] AndroidManifest.xml:29:13-37
122            <meta-data
122-->[androidx.emoji2:emoji2:1.0.0] AndroidManifest.xml:31:13-33:52
123                android:name="androidx.emoji2.text.EmojiCompatInitializer"
123-->[androidx.emoji2:emoji2:1.0.0] AndroidManifest.xml:32:17-75
124                android:value="androidx.startup" />
124-->[androidx.emoji2:emoji2:1.0.0] AndroidManifest.xml:33:17-49
125            <meta-data
125-->[androidx.lifecycle:lifecycle-process:2.4.0] AndroidManifest.xml:31:13-33:52
126                android:name="androidx.lifecycle.ProcessLifecycleInitializer"
126-->[androidx.lifecycle:lifecycle-process:2.4.0] AndroidManifest.xml:32:17-78
127                android:value="androidx.startup" />
127-->[androidx.lifecycle:lifecycle-process:2.4.0] AndroidManifest.xml:33:17-49
128        </provider>
129    </application>
130
131</manifest>